<?xml version="1.0" encoding="UTF-8"?>
<testsuite name="com.example.hello.HelloApplicationTests" tests="1" skipped="0" failures="0" errors="0" timestamp="2021-03-17T04:34:10" hostname="jieun-pc" time="0.048">
  <properties/>
  <testcase name="contextLoads()" classname="com.example.hello.HelloApplicationTests" time="0.048"/>
  <system-out><![CDATA[13:34:07.254 [Test worker] DEBUG org.springframework.test.context.BootstrapUtils - Instantiating CacheAwareContextLoaderDelegate from class [org.springframework.test.context.cache.DefaultCacheAwareContextLoaderDelegate]
13:34:07.263 [Test worker] DEBUG org.springframework.test.context.BootstrapUtils - Instantiating BootstrapContext using constructor [public org.springframework.test.context.support.DefaultBootstrapContext(java.lang.Class,org.springframework.test.context.CacheAwareContextLoaderDelegate)]
13:34:07.289 [Test worker] DEBUG org.springframework.test.context.BootstrapUtils - Instantiating TestContextBootstrapper for test class [com.example.hello.HelloApplicationTests] from class [org.springframework.boot.test.context.SpringBootTestContextBootstrapper]
13:34:07.299 [Test worker] INFO org.springframework.boot.test.context.SpringBootTestContextBootstrapper - Neither @ContextConfiguration nor @ContextHierarchy found for test class [com.example.hello.HelloApplicationTests], using SpringBootContextLoader
13:34:07.302 [Test worker] DEBUG org.springframework.test.context.support.AbstractContextLoader - Did not detect default resource location for test class [com.example.hello.HelloApplicationTests]: class path resource [com/example/hello/HelloApplicationTests-context.xml] does not exist
13:34:07.302 [Test worker] DEBUG org.springframework.test.context.support.AbstractContextLoader - Did not detect default resource location for test class [com.example.hello.HelloApplicationTests]: class path resource [com/example/hello/HelloApplicationTestsContext.groovy] does not exist
13:34:07.303 [Test worker] INFO org.springframework.test.context.support.AbstractContextLoader - Could not detect default resource locations for test class [com.example.hello.HelloApplicationTests]: no resource found for suffixes {-context.xml, Context.groovy}.
13:34:07.303 [Test worker] INFO org.springframework.test.context.support.AnnotationConfigContextLoaderUtils - Could not detect default configuration classes for test class [com.example.hello.HelloApplicationTests]: HelloApplicationTests does not declare any static, non-private, non-final, nested classes annotated with @Configuration.
13:34:07.337 [Test worker] DEBUG org.springframework.test.context.support.ActiveProfilesUtils - Could not find an 'annotation declaring class' for annotation type [org.springframework.test.context.ActiveProfiles] and class [com.example.hello.HelloApplicationTests]
13:34:07.374 [Test worker] DEBUG org.springframework.context.annotation.ClassPathScanningCandidateComponentProvider - Identified candidate component class: file [/home/jieun/workspace/kubernetes/hkmc/sample/sample-source/gradle/hello/build/classes/java/main/com/example/hello/HelloApplication.class]
13:34:07.381 [Test worker] INFO org.springframework.boot.test.context.SpringBootTestContextBootstrapper - Found @SpringBootConfiguration com.example.hello.HelloApplication for test class com.example.hello.HelloApplicationTests
13:34:07.466 [Test worker] DEBUG org.springframework.boot.test.context.SpringBootTestContextBootstrapper - @TestExecutionListeners is not present for class [com.example.hello.HelloApplicationTests]: using defaults.
13:34:07.467 [Test worker] INFO org.springframework.boot.test.context.SpringBootTestContextBootstrapper - Loaded default TestExecutionListener class names from location [META-INF/spring.factories]: [org.springframework.boot.test.autoconfigure.restdocs.RestDocsTestExecutionListener, org.springframework.boot.test.autoconfigure.web.client.MockRestServiceServerResetTestExecutionListener, org.springframework.boot.test.autoconfigure.web.servlet.MockMvcPrintOnlyOnFailureTestExecutionListener, org.springframework.boot.test.autoconfigure.web.servlet.WebDriverTestExecutionListener, org.springframework.boot.test.autoconfigure.webservices.client.MockWebServiceServerTestExecutionListener, org.springframework.boot.test.mock.mockito.MockitoTestExecutionListener, org.springframework.boot.test.mock.mockito.ResetMocksTestExecutionListener, org.springframework.test.context.web.ServletTestExecutionListener, org.springframework.test.context.support.DirtiesContextBeforeModesTestExecutionListener, org.springframework.test.context.event.ApplicationEventsTestExecutionListener, org.springframework.test.context.support.DependencyInjectionTestExecutionListener, org.springframework.test.context.support.DirtiesContextTestExecutionListener, org.springframework.test.context.transaction.TransactionalTestExecutionListener, org.springframework.test.context.jdbc.SqlScriptsTestExecutionListener, org.springframework.test.context.event.EventPublishingTestExecutionListener]
13:34:07.479 [Test worker] INFO org.springframework.boot.test.context.SpringBootTestContextBootstrapper - Using TestExecutionListeners: [org.springframework.test.context.web.ServletTestExecutionListener@5bc2dfbb, org.springframework.test.context.support.DirtiesContextBeforeModesTestExecutionListener@42a718c3, org.springframework.test.context.event.ApplicationEventsTestExecutionListener@71d44d93, org.springframework.boot.test.mock.mockito.MockitoTestExecutionListener@287d6701, org.springframework.boot.test.autoconfigure.SpringBootDependencyInjectionTestExecutionListener@650f4ab2, org.springframework.test.context.support.DirtiesContextTestExecutionListener@1f9437d0, org.springframework.test.context.transaction.TransactionalTestExecutionListener@4c7f5964, org.springframework.test.context.jdbc.SqlScriptsTestExecutionListener@f797a85, org.springframework.test.context.event.EventPublishingTestExecutionListener@10bcfb02, org.springframework.boot.test.autoconfigure.restdocs.RestDocsTestExecutionListener@2e287472, org.springframework.boot.test.autoconfigure.web.client.MockRestServiceServerResetTestExecutionListener@182abcaa, org.springframework.boot.test.autoconfigure.web.servlet.MockMvcPrintOnlyOnFailureTestExecutionListener@5c435078, org.springframework.boot.test.autoconfigure.web.servlet.WebDriverTestExecutionListener@2b50d419, org.springframework.boot.test.autoconfigure.webservices.client.MockWebServiceServerTestExecutionListener@46b6bee5, org.springframework.boot.test.mock.mockito.ResetMocksTestExecutionListener@bb49575]
13:34:07.482 [Test worker] DEBUG org.springframework.test.context.support.AbstractDirtiesContextTestExecutionListener - Before test class: context [DefaultTestContext@1f624316 testClass = HelloApplicationTests, testInstance = [null], testMethod = [null], testException = [null], mergedContextConfiguration = [WebMergedContextConfiguration@6e558b9d testClass = HelloApplicationTests, locations = '{}', classes = '{class com.example.hello.HelloApplication}', contextInitializerClasses = '[]', activeProfiles = '{}', propertySourceLocations = '{}', propertySourceProperties = '{org.springframework.boot.test.context.SpringBootTestContextBootstrapper=true}', contextCustomizers = set[org.springframework.boot.test.autoconfigure.actuate.metrics.MetricsExportContextCustomizerFactory$DisableMetricExportContextCustomizer@4a28b3dc, org.springframework.boot.test.autoconfigure.properties.PropertyMappingContextCustomizer@0, org.springframework.boot.test.autoconfigure.web.servlet.WebDriverContextCustomizerFactory$Customizer@18ec4e6c, org.springframework.boot.test.context.filter.ExcludeFilterContextCustomizer@705358ac, org.springframework.boot.test.json.DuplicateJsonObjectContextCustomizerFactory$DuplicateJsonObjectContextCustomizer@66e52019, org.springframework.boot.test.mock.mockito.MockitoContextCustomizer@0, org.springframework.boot.test.web.client.TestRestTemplateContextCustomizer@51dc4c12, org.springframework.boot.test.context.SpringBootTestArgs@1, org.springframework.boot.test.context.SpringBootTestWebEnvironment@1ecffa2e], resourceBasePath = 'src/main/webapp', contextLoader = 'org.springframework.boot.test.context.SpringBootContextLoader', parent = [null]], attributes = map['org.springframework.test.context.web.ServletTestExecutionListener.activateListener' -> true]], class annotated with @DirtiesContext [false] with mode [null].
13:34:07.501 [Test worker] DEBUG org.springframework.test.context.support.TestPropertySourceUtils - Adding inlined properties to environment: {spring.jmx.enabled=false, org.springframework.boot.test.context.SpringBootTestContextBootstrapper=true}

  .   ____          _            __ _ _
 /\\ / ___'_ __ _ _(_)_ __  __ _ \ \ \ \
( ( )\___ | '_ | '_| | '_ \/ _` | \ \ \ \
 \\/  ___)| |_)| | | | | || (_| |  ) ) ) )
  '  |____| .__|_| |_|_| |_\__, | / / / /
 =========|_|==============|___/=/_/_/_/
 :: Spring Boot ::                (v2.4.3)

2021-03-17 13:34:07.690  INFO 26586 --- [    Test worker] com.example.hello.HelloApplicationTests  : Starting HelloApplicationTests using Java 1.8.0_282 on jieun-pc with PID 26586 (started by jieun in /home/jieun/workspace/kubernetes/hkmc/sample/sample-source/gradle/hello)
2021-03-17 13:34:07.692  INFO 26586 --- [    Test worker] com.example.hello.HelloApplicationTests  : No active profile set, falling back to default profiles: default
2021-03-17 13:34:08.275  INFO 26586 --- [    Test worker] .s.d.r.c.RepositoryConfigurationDelegate : Bootstrapping Spring Data JPA repositories in DEFAULT mode.
2021-03-17 13:34:08.309  INFO 26586 --- [    Test worker] .s.d.r.c.RepositoryConfigurationDelegate : Finished Spring Data repository scanning in 29 ms. Found 1 JPA repository interfaces.
2021-03-17 13:34:08.764  INFO 26586 --- [    Test worker] com.zaxxer.hikari.HikariDataSource       : HikariPool-1 - Starting...
2021-03-17 13:34:08.946  INFO 26586 --- [    Test worker] com.zaxxer.hikari.pool.PoolBase          : HikariPool-1 - Driver does not support get/set network timeout for connections. (feature not supported)
2021-03-17 13:34:08.950  INFO 26586 --- [    Test worker] com.zaxxer.hikari.HikariDataSource       : HikariPool-1 - Start completed.
2021-03-17 13:34:08.999  INFO 26586 --- [    Test worker] o.hibernate.jpa.internal.util.LogHelper  : HHH000204: Processing PersistenceUnitInfo [name: default]
2021-03-17 13:34:09.038  INFO 26586 --- [    Test worker] org.hibernate.Version                    : HHH000412: Hibernate ORM core version 5.4.28.Final
2021-03-17 13:34:09.151  INFO 26586 --- [    Test worker] o.hibernate.annotations.common.Version   : HCANN000001: Hibernate Commons Annotations {5.1.2.Final}
2021-03-17 13:34:09.280  INFO 26586 --- [    Test worker] org.hibernate.dialect.Dialect            : HHH000400: Using dialect: org.hibernate.dialect.HSQLDialect
2021-03-17 13:34:09.659  INFO 26586 --- [    Test worker] o.h.e.t.j.p.i.JtaPlatformInitiator       : HHH000490: Using JtaPlatform implementation: [org.hibernate.engine.transaction.jta.platform.internal.NoJtaPlatform]
2021-03-17 13:34:09.666  INFO 26586 --- [    Test worker] j.LocalContainerEntityManagerFactoryBean : Initialized JPA EntityManagerFactory for persistence unit 'default'
2021-03-17 13:34:10.124  WARN 26586 --- [    Test worker] JpaBaseConfiguration$JpaWebConfiguration : spring.jpa.open-in-view is enabled by default. Therefore, database queries may be performed during view rendering. Explicitly configure spring.jpa.open-in-view to disable this warning
2021-03-17 13:34:10.273  INFO 26586 --- [    Test worker] o.s.s.concurrent.ThreadPoolTaskExecutor  : Initializing ExecutorService 'applicationTaskExecutor'
2021-03-17 13:34:10.715  INFO 26586 --- [    Test worker] com.example.hello.HelloApplicationTests  : Started HelloApplicationTests in 3.209 seconds (JVM running for 3.946)
]]></system-out>
  <system-err><![CDATA[]]></system-err>
</testsuite>
